2023-10-03 21:24:37.338 - DBeaver 23.1.5.202308201919 is starting
2023-10-03 21:24:37.339 - OS: Windows 10 10.0 (amd64)
2023-10-03 21:24:37.340 - Java version: 17.0.6 by Eclipse Adoptium (64bit)
2023-10-03 21:24:37.340 - Install path: 'C:\Users\USER\AppData\Local\DBeaver'
2023-10-03 21:24:37.340 - Instance path: 'file:/D:/KDH_DBMS/workspace/'
2023-10-03 21:24:37.340 - Memory available 64Mb/1024Mb
2023-10-03 21:24:37.353 - Create display
2023-10-03 21:24:37.499 - Initializing DBeaver 23.1.5
2023-10-03 21:24:37.500 - Host plugin: org.jkiss.dbeaver.ui.app.standalone 23.1.5.202308201919
2023-10-03 21:24:37.501 - Initialize desktop platform...
2023-10-03 21:24:37.663 - BounceCastle bundle found. Use JCE provider BC
> Start Core File Systems [org.eclipse.core.filesystem 1.10.0.v20230425-0513]
> Start Core Resource Management [org.eclipse.core.resources 3.19.0.v20230510-1240]
> Start Team Support Core [org.eclipse.team.core 3.10.0.v20230317-0901]
> Start DBeaver UI Navigator [org.jkiss.dbeaver.ui.navigator 1.0.112.202308201919]
2023-10-03 21:24:38.027 - Initialize base platform...
2023-10-03 21:24:38.055 - Platform initialized (554ms)
> Start DBeaver UI Editors - Base [org.jkiss.dbeaver.ui.editors.base 1.0.112.202308201919]
2023-10-03 21:24:38.106 - Starting instance server at http://localhost:13985
2023-10-03 21:24:38.125 - Run workbench
> Start DBeaver UI [org.jkiss.dbeaver.ui 5.1.127.202308201919]
> Start Eclipse e4 Workbench SWT [org.eclipse.e4.ui.workbench.swt 0.17.0.v20230501-1823]
> Start Eclipse Application Services [org.eclipse.e4.core.services 2.4.0.v20230429-1914]
> Start Eclipse UI Application Services [org.eclipse.e4.ui.services 1.6.0.v20230501-1823]
> Start Eclipse e4 Progress View [org.eclipse.e4.ui.progress 0.4.0.v20230501-1823]
> Start Eclipse Bindings Support [org.eclipse.e4.ui.bindings 0.14.0.v20230501-1823]
> Start Eclipse e4 core commands [org.eclipse.e4.core.commands 1.1.0.v20230501-1823]
> Start EMF XML/XMI Persistence [org.eclipse.emf.ecore.xmi 2.18.0.v20230211-1150]
> Start Eclipse CSS SWT Theme Support [org.eclipse.e4.ui.css.swt.theme 0.14.0.v20230501-1533]
> Start Eclipse e4 Workbench Add-ons [org.eclipse.e4.ui.workbench.addons.swt 1.5.0.v20230501-1823]
> Start Eclipse e4 Workbench SWT Renderer [org.eclipse.e4.ui.workbench.renderers.swt 0.16.0.v20230525-0648]
> Start Eclipse Dependency Injection Extensions [org.eclipse.e4.core.di.extensions 0.18.0.v20230429-1914]
> Start Eclipse CSS SWT Support [org.eclipse.e4.ui.css.swt 0.15.0.v20230317-0802]
> Start jna [com.sun.jna 5.13.0]
2023-10-03 21:24:39.984 - Configure workbench window
> Start DBeaver SQL Model [org.jkiss.dbeaver.model.sql 1.0.102.202308201919]
2023-10-03 21:24:40.144 - Total database drivers: 106 (106)
> Start Help System Core [org.eclipse.help 3.10.0.v20230317-0802]
2023-10-03 21:24:40.222 - Create actions
2023-10-03 21:24:40.227 - Disable Eclipse action set 'org.eclipse.ui.edit.text.actionSet.annotationNavigation'
2023-10-03 21:24:40.228 - Disable Eclipse action set 'org.eclipse.ui.WorkingSetActionSet'
2023-10-03 21:24:40.228 - Disable Eclipse action set 'org.eclipse.ui.actionSet.openFiles'
2023-10-03 21:24:40.657 - Initialize workbench window
2023-10-03 21:24:40.664 - Finish initialization
> Start Default Text Editor [org.eclipse.ui.editors 3.16.0.v20230329-1609]
> Start Text Editor Framework [org.eclipse.ui.workbench.texteditor 3.17.0.v20230316-1200]
> Start DBeaver UI Editors - Data [org.jkiss.dbeaver.ui.editors.data 1.0.112.202308201919]
Warning: NLS unused message: actions_navigator__objects in: org.jkiss.dbeaver.ui.editors.sql.internal.SQLEditorMessages
> Start DBeaver UI Editors - SQL [org.jkiss.dbeaver.ui.editors.sql 1.0.112.202308201919]
> Start DBeaver SQL Terminal [org.jkiss.dbeaver.ui.editors.sql.terminal 1.0.88.202308201919]
> Start Core Compare Support [org.eclipse.compare.core 3.8.0.v20230517-1315]
> Start Equinox Java Authentication and Authorization Service (JAAS) [org.eclipse.equinox.security 1.3.1000.v20220801-1135]
> Start Internet Connection Management UI [org.eclipse.ui.net 1.5.0.v20230317-0901]
> Start Internet Connection Management [org.eclipse.core.net 1.5.0.v20230317-0901]
> Start DBeaver Sample Database [org.jkiss.dbeaver.ext.sample.database 1.0.149.202308201919]
> Start DBeaver Tip of the day [org.jkiss.dbeaver.ext.ui.tipoftheday 1.0.118.202308201919]
> Start GEF Classic Draw2d [org.eclipse.draw2d 3.13.0.202306071707]
> Start GEF Classic GEF (MVC) [org.eclipse.gef 3.14.0.202306071707]
> Start DBeaver ERD UI [org.jkiss.dbeaver.erd.ui 3.0.72.202308201919]
> Start DBeaver ERD Model [org.jkiss.dbeaver.erd.model 1.0.72.202308201919]
> Start DBeaver JDBC Model [org.jkiss.dbeaver.model.jdbc 1.0.5.202308201919]
> Start DBeaver Oracle Model [org.jkiss.dbeaver.ext.oracle 2.1.197.202308201919]
> Start Console [org.eclipse.ui.console 3.12.0.v20230317-0802]
> Start Debug Core [org.eclipse.debug.core 3.21.0.v20230508-1538]
2023-10-03 21:24:44.138 - Connect with 'localhost' (oracle_thin-18a5b870395-1ba629ca645d7b4)
2023-10-03 21:24:44.165 - Execution context opened (localhost; Main; 0)
2023-10-03 21:24:44.777 - Execution context opened (localhost; Metadata; 1)
2023-10-03 21:24:44.854 - Connected (oracle_thin-18a5b870395-1ba629ca645d7b4, Oracle JDBC driver [12.2.0.1.0])
2023-10-03 21:24:44.860 - Execution context opened (localhost; SQLEditor <Script05.sql>; 2)
> Start DBeaver Tasks - Native Tools UI [org.jkiss.dbeaver.tasks.native.ui 1.0.90.202308201919]
> Start DBeaver Oracle UI [org.jkiss.dbeaver.ext.oracle.ui 1.0.99.202308201919]
> Start DBeaver Tasks - General UI [org.jkiss.dbeaver.tasks.ui 1.0.90.202308201919]
2023-10-03 21:24:45.549 - Execution context closed (localhost, 2)
2023-10-03 21:24:47.506 - DBeaver is stopping
2023-10-03 21:24:47.507 - Stop instance server
2023-10-03 21:24:48.508 - DBeaver shutdown completed
